Please use CMSClassUnloadingEnabled in place of CMSPermGenSweepingEnabled in the future
OpenJDK 64-Bit Server VM warning: ignoring option CMSInitiatingPermOccupancyFraction=70; support was removed in 8.0
OpenJDK 64-Bit Server VM warning: UseCMSCompactAtFullCollection is deprecated and will likely be removed in a future release.
OpenJDK 64-Bit Server VM warning: CMSFullGCsBeforeCompaction is deprecated and will likely be removed in a future release.
2018-10-31 15:09:27.354  INFO 283 --- [           main] s.c.a.AnnotationConfigApplicationContext : Refreshing org.springframework.context.annotation.AnnotationConfigApplicationContext@637fd93b: startup date [Wed Oct 31 15:09:27 CST 2018]; root of context hierarchy
2018-10-31 15:09:28.282  INFO 283 --- [           main] f.a.AutowiredAnnotationBeanPostProcessor : JSR-330 'javax.inject.Inject' annotation found and supported for autowiring
2018-10-31 15:09:28.486  INFO 283 --- [           main] trationDelegate$BeanPostProcessorChecker : Bean 'configurationPropertiesRebinderAutoConfiguration' of type [org.springframework.cloud.autoconfigure.ConfigurationPropertiesRebinderAutoConfiguration$$EnhancerBySpringCGLIB$$7bb725b0] is not eligible for getting processed by all BeanPostProcessors (for example: not eligible for auto-proxying)
     _                _ _
    / \   _ __   ___ | | | ___
   / _ \ | '_ \ / _ \| | |/ _ \
  / ___ \| |_) | (_) | | | (_) |
 /_/   \_\ .__/ \___/|_|_|\___/
         |_|

:: Spring Boot ::  (v2.0.5.RELEASE)

2018-10-31 15:09:29.100  INFO 283 --- [           main] c.c.f.a.a.AdminServiceApplication        : The following profiles are active: github
2018-10-31 15:09:29.157  INFO 283 --- [           main] ConfigServletWebServerApplicationContext : Refreshing org.springframework.boot.web.servlet.context.AnnotationConfigServletWebServerApplicationContext@482b5eaa: startup date [Wed Oct 31 15:09:29 CST 2018]; parent: org.springframework.context.annotation.AnnotationConfigApplicationContext@637fd93b
2018-10-31 15:09:34.633  INFO 283 --- [           main] o.s.b.f.s.DefaultListableBeanFactory     : Overriding bean definition for bean 'dataSource' with a different definition: replacing [Root bean: class [null]; scope=refresh; abstract=false; lazyInit=false; autowireMode=3; dependencyCheck=0; autowireCandidate=false; primary=false; factoryBeanName=org.springframework.boot.autoconfigure.jdbc.DataSourceConfiguration$Hikari; factoryMethodName=dataSource; initMethodName=null; destroyMethodName=(inferred); defined in class path resource [org/springframework/boot/autoconfigure/jdbc/DataSourceConfiguration$Hikari.class]] with [Root bean: class [org.springframework.aop.scope.ScopedProxyFactoryBean]; scope=; abstract=false; lazyInit=false; autowireMode=0; dependencyCheck=0; autowireCandidate=true; primary=false; factoryBeanName=null; factoryMethodName=null; initMethodName=null; destroyMethodName=null; defined in BeanDefinition defined in class path resource [org/springframework/boot/autoconfigure/jdbc/DataSourceConfiguration$Hikari.class]]
2018-10-31 15:09:35.411  INFO 283 --- [           main] o.s.cloud.context.scope.GenericScope     : BeanFactory id=1d8c18f2-e50a-3455-8838-67077e6df784
2018-10-31 15:09:35.639  INFO 283 --- [           main] f.a.AutowiredAnnotationBeanPostProcessor : JSR-330 'javax.inject.Inject' annotation found and supported for autowiring
2018-10-31 15:09:36.391  INFO 283 --- [           main] trationDelegate$BeanPostProcessorChecker : Bean 'org.springframework.transaction.annotation.ProxyTransactionManagementConfiguration' of type [org.springframework.transaction.annotation.ProxyTransactionManagementConfiguration$$EnhancerBySpringCGLIB$$5f9d22b3] is not eligible for getting processed by all BeanPostProcessors (for example: not eligible for auto-proxying)
2018-10-31 15:09:37.141  INFO 283 --- [           main] trationDelegate$BeanPostProcessorChecker : Bean 'org.springframework.security.config.annotation.configuration.ObjectPostProcessorConfiguration' of type [org.springframework.security.config.annotation.configuration.ObjectPostProcessorConfiguration$$EnhancerBySpringCGLIB$$f84aeaed] is not eligible for getting processed by all BeanPostProcessors (for example: not eligible for auto-proxying)
2018-10-31 15:09:37.187  INFO 283 --- [           main] trationDelegate$BeanPostProcessorChecker : Bean 'objectPostProcessor' of type [org.springframework.security.config.annotation.configuration.AutowireBeanFactoryObjectPostProcessor] is not eligible for getting processed by all BeanPostProcessors (for example: not eligible for auto-proxying)
2018-10-31 15:09:37.195  INFO 283 --- [           main] trationDelegate$BeanPostProcessorChecker : Bean 'org.springframework.security.access.expression.method.DefaultMethodSecurityExpressionHandler@4bcee140' of type [org.springframework.security.access.expression.method.DefaultMethodSecurityExpressionHandler] is not eligible for getting processed by all BeanPostProcessors (for example: not eligible for auto-proxying)
2018-10-31 15:09:37.225  INFO 283 --- [           main] trationDelegate$BeanPostProcessorChecker : Bean 'org.springframework.security.config.annotation.method.configuration.GlobalMethodSecurityConfiguration' of type [org.springframework.security.config.annotation.method.configuration.GlobalMethodSecurityConfiguration$$EnhancerBySpringCGLIB$$1d1f8d9f] is not eligible for getting processed by all BeanPostProcessors (for example: not eligible for auto-proxying)
2018-10-31 15:09:37.279  INFO 283 --- [           main] trationDelegate$BeanPostProcessorChecker : Bean 'methodSecurityMetadataSource' of type [org.springframework.security.access.method.DelegatingMethodSecurityMetadataSource] is not eligible for getting processed by all BeanPostProcessors (for example: not eligible for auto-proxying)
2018-10-31 15:09:37.486  INFO 283 --- [           main] trationDelegate$BeanPostProcessorChecker : Bean 'org.springframework.cloud.autoconfigure.ConfigurationPropertiesRebinderAutoConfiguration' of type [org.springframework.cloud.autoconfigure.ConfigurationPropertiesRebinderAutoConfiguration$$EnhancerBySpringCGLIB$$7bb725b0] is not eligible for getting processed by all BeanPostProcessors (for example: not eligible for auto-proxying)
2018-10-31 15:09:39.768  INFO 283 --- [           main] o.s.b.w.embedded.tomcat.TomcatWebServer  : Tomcat initialized with port(s): 8090 (http)
2018-10-31 15:09:39.867  INFO 283 --- [           main] o.apache.catalina.core.StandardService   : Starting service [Tomcat]
2018-10-31 15:09:39.868  INFO 283 --- [           main] org.apache.catalina.core.StandardEngine  : Starting Servlet Engine: Apache Tomcat/8.5.34
2018-10-31 15:09:39.962  INFO 283 --- [ost-startStop-1] o.a.catalina.core.AprLifecycleListener   : The APR based Apache Tomcat Native library which allows optimal performance in production environments was not found on the java.library.path: [/usr/lib/jvm/java-1.8-openjdk/jre/lib/amd64/server:/usr/lib/jvm/java-1.8-openjdk/jre/lib/amd64:/usr/lib/jvm/java-1.8-openjdk/jre/../lib/amd64:/usr/java/packages/lib/amd64:/usr/lib64:/lib64:/lib:/usr/lib]
2018-10-31 15:09:40.216  INFO 283 --- [ost-startStop-1] o.a.c.c.C.[Tomcat].[localhost].[/]       : Initializing Spring embedded WebApplicationContext
2018-10-31 15:09:40.217  INFO 283 --- [ost-startStop-1] o.s.web.context.ContextLoader            : Root WebApplicationContext: initialization completed in 11061 ms
2018-10-31 15:09:41.390  WARN 283 --- [ost-startStop-1] c.n.c.sources.URLConfigurationSource     : No URLs will be polled as dynamic configuration sources.
2018-10-31 15:09:41.392  INFO 283 --- [ost-startStop-1] c.n.c.sources.URLConfigurationSource     : To enable URLs as dynamic configuration sources, define System property archaius.configurationSource.additionalUrls or make config.properties available on classpath.
2018-10-31 15:09:41.454  INFO 283 --- [ost-startStop-1] c.netflix.config.DynamicPropertyFactory  : DynamicPropertyFactory is initialized with configuration sources: com.netflix.config.ConcurrentCompositeConfiguration@613f02d2
2018-10-31 15:09:44.053  INFO 283 --- [ost-startStop-1] com.zaxxer.hikari.HikariDataSource       : HikariPool-1 - Starting...
Wed Oct 31 15:09:44 CST 2018 WARN: Establishing SSL connection without server's identity verification is not recommended. According to MySQL 5.5.45+, 5.6.26+ and 5.7.6+ requirements SSL connection must be established by default if explicit option isn't set. For compliance with existing applications not using SSL the verifyServerCertificate property is set to 'false'. You need either to explicitly disable SSL by setting useSSL=false, or set useSSL=true and provide truststore for server certificate verification.
2018-10-31 15:09:45.280  INFO 283 --- [ost-startStop-1] com.zaxxer.hikari.HikariDataSource       : HikariPool-1 - Start completed.
Wed Oct 31 15:09:45 CST 2018 WARN: Establishing SSL connection without server's identity verification is not recommended. According to MySQL 5.5.45+, 5.6.26+ and 5.7.6+ requirements SSL connection must be established by default if explicit option isn't set. For compliance with existing applications not using SSL the verifyServerCertificate property is set to 'false'. You need either to explicitly disable SSL by setting useSSL=false, or set useSSL=true and provide truststore for server certificate verification.
Wed Oct 31 15:09:45 CST 2018 WARN: Establishing SSL connection without server's identity verification is not recommended. According to MySQL 5.5.45+, 5.6.26+ and 5.7.6+ requirements SSL connection must be established by default if explicit option isn't set. For compliance with existing applications not using SSL the verifyServerCertificate property is set to 'false'. You need either to explicitly disable SSL by setting useSSL=false, or set useSSL=true and provide truststore for server certificate verification.
2018-10-31 15:09:45.769  INFO 283 --- [ost-startStop-1] j.LocalContainerEntityManagerFactoryBean : Building JPA container EntityManagerFactory for persistence unit 'default'
Wed Oct 31 15:09:45 CST 2018 WARN: Establishing SSL connection without server's identity verification is not recommended. According to MySQL 5.5.45+, 5.6.26+ and 5.7.6+ requirements SSL connection must be established by default if explicit option isn't set. For compliance with existing applications not using SSL the verifyServerCertificate property is set to 'false'. You need either to explicitly disable SSL by setting useSSL=false, or set useSSL=true and provide truststore for server certificate verification.
2018-10-31 15:09:45.869  INFO 283 --- [ost-startStop-1] o.hibernate.jpa.internal.util.LogHelper  : HHH000204: Processing PersistenceUnitInfo [
	name: default
	...]
Wed Oct 31 15:09:45 CST 2018 WARN: Establishing SSL connection without server's identity verification is not recommended. According to MySQL 5.5.45+, 5.6.26+ and 5.7.6+ requirements SSL connection must be established by default if explicit option isn't set. For compliance with existing applications not using SSL the verifyServerCertificate property is set to 'false'. You need either to explicitly disable SSL by setting useSSL=false, or set useSSL=true and provide truststore for server certificate verification.
Wed Oct 31 15:09:46 CST 2018 WARN: Establishing SSL connection without server's identity verification is not recommended. According to MySQL 5.5.45+, 5.6.26+ and 5.7.6+ requirements SSL connection must be established by default if explicit option isn't set. For compliance with existing applications not using SSL the verifyServerCertificate property is set to 'false'. You need either to explicitly disable SSL by setting useSSL=false, or set useSSL=true and provide truststore for server certificate verification.
Wed Oct 31 15:09:46 CST 2018 WARN: Establishing SSL connection without server's identity verification is not recommended. According to MySQL 5.5.45+, 5.6.26+ and 5.7.6+ requirements SSL connection must be established by default if explicit option isn't set. For compliance with existing applications not using SSL the verifyServerCertificate property is set to 'false'. You need either to explicitly disable SSL by setting useSSL=false, or set useSSL=true and provide truststore for server certificate verification.
2018-10-31 15:09:46.210  INFO 283 --- [ost-startStop-1] org.hibernate.Version                    : HHH000412: Hibernate Core {5.2.17.Final}
2018-10-31 15:09:46.215  INFO 283 --- [ost-startStop-1] org.hibernate.cfg.Environment            : HHH000206: hibernate.properties not found
Wed Oct 31 15:09:46 CST 2018 WARN: Establishing SSL connection without server's identity verification is not recommended. According to MySQL 5.5.45+, 5.6.26+ and 5.7.6+ requirements SSL connection must be established by default if explicit option isn't set. For compliance with existing applications not using SSL the verifyServerCertificate property is set to 'false'. You need either to explicitly disable SSL by setting useSSL=false, or set useSSL=true and provide truststore for server certificate verification.
2018-10-31 15:09:46.454  INFO 283 --- [ost-startStop-1] o.hibernate.annotations.common.Version   : HCANN000001: Hibernate Commons Annotations {5.0.1.Final}
Wed Oct 31 15:09:46 CST 2018 WARN: Establishing SSL connection without server's identity verification is not recommended. According to MySQL 5.5.45+, 5.6.26+ and 5.7.6+ requirements SSL connection must be established by default if explicit option isn't set. For compliance with existing applications not using SSL the verifyServerCertificate property is set to 'false'. You need either to explicitly disable SSL by setting useSSL=false, or set useSSL=true and provide truststore for server certificate verification.
Wed Oct 31 15:09:46 CST 2018 WARN: Establishing SSL connection without server's identity verification is not recommended. According to MySQL 5.5.45+, 5.6.26+ and 5.7.6+ requirements SSL connection must be established by default if explicit option isn't set. For compliance with existing applications not using SSL the verifyServerCertificate property is set to 'false'. You need either to explicitly disable SSL by setting useSSL=false, or set useSSL=true and provide truststore for server certificate verification.
2018-10-31 15:09:47.246  INFO 283 --- [ost-startStop-1] org.hibernate.dialect.Dialect            : HHH000400: Using dialect: org.hibernate.dialect.MySQL5Dialect
2018-10-31 15:09:49.583  INFO 283 --- [ost-startStop-1] j.LocalContainerEntityManagerFactoryBean : Initialized JPA EntityManagerFactory for persistence unit 'default'
2018-10-31 15:09:50.727  INFO 283 --- [ost-startStop-1] o.h.h.i.QueryTranslatorFactoryInitiator  : HHH000397: Using ASTQueryTranslatorFactory
2018-10-31 15:09:52.926  INFO 283 --- [ost-startStop-1] c.c.f.f.i.p.DefaultApplicationProvider   : App ID is set to 100003172 by app.id property from /META-INF/app.properties
2018-10-31 15:09:52.928  INFO 283 --- [ost-startStop-1] c.c.f.f.i.p.DefaultServerProvider        : Environment is set to null. Because it is not available in either (1) JVM system property 'env', (2) OS env variable 'ENV' nor (3) property 'env' from the properties InputStream.
2018-10-31 15:09:52.929  INFO 283 --- [ost-startStop-1] c.c.f.a.biz.service.BizDBPropertySource  : Load config from DB : item.value.length.limit = 20000
2018-10-31 15:09:52.930  INFO 283 --- [ost-startStop-1] c.c.f.a.biz.service.BizDBPropertySource  : Load config from DB : item.key.length.limit = 128
2018-10-31 15:09:52.930  INFO 283 --- [ost-startStop-1] c.c.f.a.biz.service.BizDBPropertySource  : Load config from DB : eureka.service.url = http://localhost:8080/eureka/
2018-10-31 15:09:52.931  INFO 283 --- [ost-startStop-1] c.c.f.a.biz.service.BizDBPropertySource  : Load config from DB : namespace.lock.switch = false
2018-10-31 15:09:52.931  INFO 283 --- [ost-startStop-1] c.c.f.a.biz.service.BizDBPropertySource  : Load config from DB : config-service.cache.enabled = false
2018-10-31 15:09:55.996  INFO 283 --- [ost-startStop-1] o.s.b.w.servlet.FilterRegistrationBean   : Mapping filter: 'characterEncodingFilter' to: [/*]
2018-10-31 15:09:55.998  INFO 283 --- [ost-startStop-1] o.s.b.w.servlet.FilterRegistrationBean   : Mapping filter: 'webMvcMetricsFilter' to: [/*]
2018-10-31 15:09:55.998  INFO 283 --- [ost-startStop-1] o.s.b.w.servlet.FilterRegistrationBean   : Mapping filter: 'hiddenHttpMethodFilter' to: [/*]
2018-10-31 15:09:55.998  INFO 283 --- [ost-startStop-1] o.s.b.w.servlet.FilterRegistrationBean   : Mapping filter: 'httpPutFormContentFilter' to: [/*]
2018-10-31 15:09:55.998  INFO 283 --- [ost-startStop-1] o.s.b.w.servlet.FilterRegistrationBean   : Mapping filter: 'requestContextFilter' to: [/*]
2018-10-31 15:09:56.008  INFO 283 --- [ost-startStop-1] .s.DelegatingFilterProxyRegistrationBean : Mapping filter: 'springSecurityFilterChain' to: [/*]
2018-10-31 15:09:56.009  INFO 283 --- [ost-startStop-1] o.s.b.w.servlet.FilterRegistrationBean   : Mapping filter: 'httpTraceFilter' to: [/*]
2018-10-31 15:09:56.009  INFO 283 --- [ost-startStop-1] o.s.b.w.servlet.FilterRegistrationBean   : Mapping filter: 'encodingFilter' to urls: [/*]
2018-10-31 15:09:56.010  INFO 283 --- [ost-startStop-1] o.s.b.w.servlet.ServletRegistrationBean  : Servlet dispatcherServlet mapped to [/]
2018-10-31 15:10:01.783  INFO 283 --- [           main] o.s.s.web.DefaultSecurityFilterChain     : Creating filter chain: org.springframework.security.web.util.matcher.AnyRequestMatcher@1, [org.springframework.security.web.context.request.async.WebAsyncManagerIntegrationFilter@47660ff5, org.springframework.security.web.context.SecurityContextPersistenceFilter@e9c4379, org.springframework.security.web.header.HeaderWriterFilter@65749088, org.springframework.security.web.authentication.logout.LogoutFilter@668c9fa5, org.springframework.security.web.authentication.www.BasicAuthenticationFilter@48c2ebb9, org.springframework.security.web.savedrequest.RequestCacheAwareFilter@7d91a66, org.springframework.security.web.servletapi.SecurityContextHolderAwareRequestFilter@19608f3c, org.springframework.security.web.authentication.AnonymousAuthenticationFilter@6bcb610f, org.springframework.security.web.session.SessionManagementFilter@4b7e935d, org.springframework.security.web.access.ExceptionTranslationFilter@180cfeb4]
2018-10-31 15:10:02.158  WARN 283 --- [           main] c.n.c.sources.URLConfigurationSource     : No URLs will be polled as dynamic configuration sources.
2018-10-31 15:10:02.159  INFO 283 --- [           main] c.n.c.sources.URLConfigurationSource     : To enable URLs as dynamic configuration sources, define System property archaius.configurationSource.additionalUrls or make config.properties available on classpath.
2018-10-31 15:10:02.715  INFO 283 --- [           main] o.s.w.s.handler.SimpleUrlHandlerMapping  : Mapped URL path [/**/favicon.ico] onto handler of type [class org.springframework.web.servlet.resource.ResourceHttpRequestHandler]
2018-10-31 15:10:03.285  INFO 283 --- [           main] s.w.s.m.m.a.RequestMappingHandlerAdapter : Looking for @ControllerAdvice: org.springframework.boot.web.servlet.context.AnnotationConfigServletWebServerApplicationContext@482b5eaa: startup date [Wed Oct 31 15:09:29 CST 2018]; parent: org.springframework.context.annotation.AnnotationConfigApplicationContext@637fd93b
2018-10-31 15:10:03.494  WARN 283 --- [           main] aWebConfiguration$JpaWebMvcConfiguration : spring.jpa.open-in-view is enabled by default. Therefore, database queries may be performed during view rendering. Explicitly configure spring.jpa.open-in-view to disable this warning
2018-10-31 15:10:03.810  INFO 283 --- [           main] s.w.s.m.m.a.RequestMappingHandlerMapping : Mapped "{[/apollo/app]}" onto public java.lang.String com.ctrip.framework.apollo.common.controller.ApolloInfoController.getApp()
2018-10-31 15:10:03.813  INFO 283 --- [           main] s.w.s.m.m.a.RequestMappingHandlerMapping : Mapped "{[/apollo/version]}" onto public java.lang.String com.ctrip.framework.apollo.common.controller.ApolloInfoController.getVersion()
2018-10-31 15:10:03.814  INFO 283 --- [           main] s.w.s.m.m.a.RequestMappingHandlerMapping : Mapped "{[/apollo/server]}" onto public java.lang.String com.ctrip.framework.apollo.common.controller.ApolloInfoController.getServer()
2018-10-31 15:10:03.814  INFO 283 --- [           main] s.w.s.m.m.a.RequestMappingHandlerMapping : Mapped "{[/apollo/net]}" onto public java.lang.String com.ctrip.framework.apollo.common.controller.ApolloInfoController.getNet()
2018-10-31 15:10:03.817  INFO 283 --- [           main] s.w.s.m.m.a.RequestMappingHandlerMapping : Mapped "{[/apps/{appId}/clusters/{clusterName}/namespaces/{namespaceName}/commit],methods=[GET]}" onto public java.util.List<com.ctrip.framework.apollo.common.dto.CommitDTO> com.ctrip.framework.apollo.adminservice.controller.CommitController.find(java.lang.String,java.lang.String,java.lang.String,org.springframework.data.domain.Pageable)
2018-10-31 15:10:03.820  INFO 283 --- [           main] s.w.s.m.m.a.RequestMappingHandlerMapping : Mapped "{[/apps/{appId}/clusters/{clusterName}/namespaces/{namespaceName}/branches/{branchName}],methods=[DELETE]}" onto public void com.ctrip.framework.apollo.adminservice.controller.NamespaceBranchController.deleteBranch(java.lang.String,java.lang.String,java.lang.String,java.lang.String,java.lang.String)
2018-10-31 15:10:03.820  INFO 283 --- [           main] s.w.s.m.m.a.RequestMappingHandlerMapping : Mapped "{[/apps/{appId}/clusters/{clusterName}/namespaces/{namespaceName}/branches],methods=[GET]}" onto public com.ctrip.framework.apollo.common.dto.NamespaceDTO com.ctrip.framework.apollo.adminservice.controller.NamespaceBranchController.loadNamespaceBranch(java.lang.String,java.lang.String,java.lang.String)
2018-10-31 15:10:03.821  INFO 283 --- [           main] s.w.s.m.m.a.RequestMappingHandlerMapping : Mapped "{[/apps/{appId}/clusters/{clusterName}/namespaces/{namespaceName}/branches],methods=[POST]}" onto public com.ctrip.framework.apollo.common.dto.NamespaceDTO com.ctrip.framework.apollo.adminservice.controller.NamespaceBranchController.createBranch(java.lang.String,java.lang.String,java.lang.String,java.lang.String)
2018-10-31 15:10:03.821  INFO 283 --- [           main] s.w.s.m.m.a.RequestMappingHandlerMapping : Mapped "{[/apps/{appId}/clusters/{clusterName}/namespaces/{namespaceName}/branches/{branchName}/rules],methods=[GET]}" onto public com.ctrip.framework.apollo.common.dto.GrayReleaseRuleDTO com.ctrip.framework.apollo.adminservice.controller.NamespaceBranchController.findBranchGrayRules(java.lang.String,java.lang.String,java.lang.String,java.lang.String)
2018-10-31 15:10:03.824  INFO 283 --- [           main] s.w.s.m.m.a.RequestMappingHandlerMapping : Mapped "{[/apps/{appId}/clusters/{clusterName}/namespaces/{namespaceName}/branches/{branchName}/rules],methods=[PUT]}" onto public void com.ctrip.framework.apollo.adminservice.controller.NamespaceBranchController.updateBranchGrayRules(java.lang.String,java.lang.String,java.lang.String,java.lang.String,com.ctrip.framework.apollo.common.dto.GrayReleaseRuleDTO)
2018-10-31 15:10:03.832  INFO 283 --- [           main] s.w.s.m.m.a.RequestMappingHandlerMapping : Mapped "{[/apps/{appId}/unique],methods=[GET]}" onto public boolean com.ctrip.framework.apollo.adminservice.controller.AppController.isAppIdUnique(java.lang.String)
2018-10-31 15:10:03.834  INFO 283 --- [           main] s.w.s.m.m.a.RequestMappingHandlerMapping : Mapped "{[/apps/{appId:.+}],methods=[GET]}" onto public com.ctrip.framework.apollo.common.dto.AppDTO com.ctrip.framework.apollo.adminservice.controller.AppController.get(java.lang.String)
2018-10-31 15:10:03.834  INFO 283 --- [           main] s.w.s.m.m.a.RequestMappingHandlerMapping : Mapped "{[/apps/{appId:.+}],methods=[PUT]}" onto public void com.ctrip.framework.apollo.adminservice.controller.AppController.update(java.lang.String,com.ctrip.framework.apollo.common.entity.App)
2018-10-31 15:10:03.835  INFO 283 --- [           main] s.w.s.m.m.a.RequestMappingHandlerMapping : Mapped "{[/apps],methods=[GET]}" onto public java.util.List<com.ctrip.framework.apollo.common.dto.AppDTO> com.ctrip.framework.apollo.adminservice.controller.AppController.find(java.lang.String,org.springframework.data.domain.Pageable)
2018-10-31 15:10:03.835  INFO 283 --- [           main] s.w.s.m.m.a.RequestMappingHandlerMapping : Mapped "{[/apps/{appId:.+}],methods=[DELETE]}" onto public void com.ctrip.framework.apollo.adminservice.controller.AppController.delete(java.lang.String,java.lang.String)
2018-10-31 15:10:03.836  INFO 283 --- [           main] s.w.s.m.m.a.RequestMappingHandlerMapping : Mapped "{[/apps],methods=[POST]}" onto public com.ctrip.framework.apollo.common.dto.AppDTO com.ctrip.framework.apollo.adminservice.controller.AppController.create(com.ctrip.framework.apollo.common.dto.AppDTO)
2018-10-31 15:10:03.838  INFO 283 --- [           main] s.w.s.m.m.a.RequestMappingHandlerMapping : Mapped "{[/instances/by-release],methods=[GET]}" onto public com.ctrip.framework.apollo.common.dto.PageDTO<com.ctrip.framework.apollo.common.dto.InstanceDTO> com.ctrip.framework.apollo.adminservice.controller.InstanceConfigController.getByRelease(long,org.springframework.data.domain.Pageable)
2018-10-31 15:10:03.839  INFO 283 --- [           main] s.w.s.m.m.a.RequestMappingHandlerMapping : Mapped "{[/instances/by-namespace-and-releases-not-in],methods=[GET]}" onto public java.util.List<com.ctrip.framework.apollo.common.dto.InstanceDTO> com.ctrip.framework.apollo.adminservice.controller.InstanceConfigController.getByReleasesNotIn(java.lang.String,java.lang.String,java.lang.String,java.lang.String)
2018-10-31 15:10:03.841  INFO 283 --- [           main] s.w.s.m.m.a.RequestMappingHandlerMapping : Mapped "{[/instances/by-namespace],methods=[GET]}" onto public com.ctrip.framework.apollo.common.dto.PageDTO<com.ctrip.framework.apollo.common.dto.InstanceDTO> com.ctrip.framework.apollo.adminservice.controller.InstanceConfigController.getInstancesByNamespace(java.lang.String,java.lang.String,java.lang.String,java.lang.String,org.springframework.data.domain.Pageable)
2018-10-31 15:10:03.842  INFO 283 --- [           main] s.w.s.m.m.a.RequestMappingHandlerMapping : Mapped "{[/instances/by-namespace/count],methods=[GET]}" onto public long com.ctrip.framework.apollo.adminservice.controller.InstanceConfigController.getInstancesCountByNamespace(java.lang.String,java.lang.String,java.lang.String)
2018-10-31 15:10:03.844  INFO 283 --- [           main] s.w.s.m.m.a.RequestMappingHandlerMapping : Mapped "{[/apps/{appId}/clusters/{clusterName}/namespaces/{namespaceName}/associated-public-namespace],methods=[GET]}" onto public com.ctrip.framework.apollo.common.dto.NamespaceDTO com.ctrip.framework.apollo.adminservice.controller.NamespaceController.findPublicNamespaceForAssociatedNamespace(java.lang.String,java.lang.String,java.lang.String)
2018-10-31 15:10:03.845  INFO 283 --- [           main] s.w.s.m.m.a.RequestMappingHandlerMapping : Mapped "{[/apps/{appId}/namespaces/publish_info],methods=[GET]}" onto public java.util.Map<java.lang.String, java.lang.Boolean> com.ctrip.framework.apollo.adminservice.controller.NamespaceController.namespacePublishInfo(java.lang.String)
2018-10-31 15:10:03.845  INFO 283 --- [           main] s.w.s.m.m.a.RequestMappingHandlerMapping : Mapped "{[/namespaces/{namespaceId}],methods=[GET]}" onto public com.ctrip.framework.apollo.common.dto.NamespaceDTO com.ctrip.framework.apollo.adminservice.controller.NamespaceController.get(java.lang.Long)
2018-10-31 15:10:03.846  INFO 283 --- [           main] s.w.s.m.m.a.RequestMappingHandlerMapping : Mapped "{[/apps/{appId}/clusters/{clusterName}/namespaces/{namespaceName:.+}],methods=[GET]}" onto public com.ctrip.framework.apollo.common.dto.NamespaceDTO com.ctrip.framework.apollo.adminservice.controller.NamespaceController.get(java.lang.String,java.lang.String,java.lang.String)
2018-10-31 15:10:03.847  INFO 283 --- [           main] s.w.s.m.m.a.RequestMappingHandlerMapping : Mapped "{[/apps/{appId}/clusters/{clusterName}/namespaces],methods=[GET]}" onto public java.util.List<com.ctrip.framework.apollo.common.dto.NamespaceDTO> com.ctrip.framework.apollo.adminservice.controller.NamespaceController.find(java.lang.String,java.lang.String)
2018-10-31 15:10:03.848  INFO 283 --- [           main] s.w.s.m.m.a.RequestMappingHandlerMapping : Mapped "{[/apps/{appId}/clusters/{clusterName}/namespaces/{namespaceName:.+}],methods=[DELETE]}" onto public void com.ctrip.framework.apollo.adminservice.controller.NamespaceController.delete(java.lang.String,java.lang.String,java.lang.String,java.lang.String)
2018-10-31 15:10:03.848  INFO 283 --- [           main] s.w.s.m.m.a.RequestMappingHandlerMapping : Mapped "{[/apps/{appId}/clusters/{clusterName}/namespaces],methods=[POST]}" onto public com.ctrip.framework.apollo.common.dto.NamespaceDTO com.ctrip.framework.apollo.adminservice.controller.NamespaceController.create(java.lang.String,java.lang.String,com.ctrip.framework.apollo.common.dto.NamespaceDTO)
2018-10-31 15:10:03.851  INFO 283 --- [           main] s.w.s.m.m.a.RequestMappingHandlerMapping : Mapped "{[/apps/{appId}/clusters/{clusterName}/namespaces/{namespaceName}/releases],methods=[POST]}" onto public com.ctrip.framework.apollo.common.dto.ReleaseDTO com.ctrip.framework.apollo.adminservice.controller.ReleaseController.publish(java.lang.String,java.lang.String,java.lang.String,java.lang.String,java.lang.String,java.lang.String,boolean)
2018-10-31 15:10:03.852  INFO 283 --- [           main] s.w.s.m.m.a.RequestMappingHandlerMapping : Mapped "{[/apps/{appId}/clusters/{clusterName}/namespaces/{namespaceName}/gray-del-releases],methods=[POST]}" onto public com.ctrip.framework.apollo.common.dto.ReleaseDTO com.ctrip.framework.apollo.adminservice.controller.ReleaseController.publish(java.lang.String,java.lang.String,java.lang.String,java.lang.String,java.lang.String,java.lang.String,boolean,java.util.Set<java.lang.String>)
2018-10-31 15:10:03.853  INFO 283 --- [           main] s.w.s.m.m.a.RequestMappingHandlerMapping : Mapped "{[/apps/{appId}/clusters/{clusterName}/namespaces/{namespaceName}/releases/all],methods=[GET]}" onto public java.util.List<com.ctrip.framework.apollo.common.dto.ReleaseDTO> com.ctrip.framework.apollo.adminservice.controller.ReleaseController.findAllReleases(java.lang.String,java.lang.String,java.lang.String,org.springframework.data.domain.Pageable)
2018-10-31 15:10:03.854  INFO 283 --- [           main] s.w.s.m.m.a.RequestMappingHandlerMapping : Mapped "{[/apps/{appId}/clusters/{clusterName}/namespaces/{namespaceName}/releases/active],methods=[GET]}" onto public java.util.List<com.ctrip.framework.apollo.common.dto.ReleaseDTO> com.ctrip.framework.apollo.adminservice.controller.ReleaseController.findActiveReleases(java.lang.String,java.lang.String,java.lang.String,org.springframework.data.domain.Pageable)
2018-10-31 15:10:03.855  INFO 283 --- [           main] s.w.s.m.m.a.RequestMappingHandlerMapping : Mapped "{[/releases],methods=[GET]}" onto public java.util.List<com.ctrip.framework.apollo.common.dto.ReleaseDTO> com.ctrip.framework.apollo.adminservice.controller.ReleaseController.findReleaseByIds(java.lang.String)
2018-10-31 15:10:03.855  INFO 283 --- [           main] s.w.s.m.m.a.RequestMappingHandlerMapping : Mapped "{[/apps/{appId}/clusters/{clusterName}/namespaces/{namespaceName}/releases/latest],methods=[GET]}" onto public com.ctrip.framework.apollo.common.dto.ReleaseDTO com.ctrip.framework.apollo.adminservice.controller.ReleaseController.getLatest(java.lang.String,java.lang.String,java.lang.String)
2018-10-31 15:10:03.856  INFO 283 --- [           main] s.w.s.m.m.a.RequestMappingHandlerMapping : Mapped "{[/apps/{appId}/clusters/{clusterName}/namespaces/{namespaceName}/updateAndPublish],methods=[POST]}" onto public com.ctrip.framework.apollo.common.dto.ReleaseDTO com.ctrip.framework.apollo.adminservice.controller.ReleaseController.updateAndPublish(java.lang.String,java.lang.String,java.lang.String,java.lang.String,java.lang.String,boolean,java.lang.String,boolean,com.ctrip.framework.apollo.common.dto.ItemChangeSets)
2018-10-31 15:10:03.857  INFO 283 --- [           main] s.w.s.m.m.a.RequestMappingHandlerMapping : Mapped "{[/releases/{releaseId}/rollback],methods=[PUT]}" onto public void com.ctrip.framework.apollo.adminservice.controller.ReleaseController.rollback(long,java.lang.String)
2018-10-31 15:10:03.858  INFO 283 --- [           main] s.w.s.m.m.a.RequestMappingHandlerMapping : Mapped "{[/releases/{releaseId}],methods=[GET]}" onto public com.ctrip.framework.apollo.common.dto.ReleaseDTO com.ctrip.framework.apollo.adminservice.controller.ReleaseController.get(long)
2018-10-31 15:10:03.860  INFO 283 --- [           main] s.w.s.m.m.a.RequestMappingHandlerMapping : Mapped "{[/appnamespaces/{publicNamespaceName}/namespaces],methods=[GET]}" onto public java.util.List<com.ctrip.framework.apollo.common.dto.NamespaceDTO> com.ctrip.framework.apollo.adminservice.controller.AppNamespaceController.findPublicAppNamespaceAllNamespaces(java.lang.String,org.springframework.data.domain.Pageable)
2018-10-31 15:10:03.860  INFO 283 --- [           main] s.w.s.m.m.a.RequestMappingHandlerMapping : Mapped "{[/appnamespaces/{publicNamespaceName}/associated-namespaces/count],methods=[GET]}" onto public int com.ctrip.framework.apollo.adminservice.controller.AppNamespaceController.countPublicAppNamespaceAssociatedNamespaces(java.lang.String)
2018-10-31 15:10:03.861  INFO 283 --- [           main] s.w.s.m.m.a.RequestMappingHandlerMapping : Mapped "{[/apps/{appId}/appnamespaces/{namespaceName:.+}],methods=[DELETE]}" onto public void com.ctrip.framework.apollo.adminservice.controller.AppNamespaceController.delete(java.lang.String,java.lang.String,java.lang.String)
2018-10-31 15:10:03.861  INFO 283 --- [           main] s.w.s.m.m.a.RequestMappingHandlerMapping : Mapped "{[/apps/{appId}/appnamespaces],methods=[POST]}" onto public com.ctrip.framework.apollo.common.dto.AppNamespaceDTO com.ctrip.framework.apollo.adminservice.controller.AppNamespaceController.create(com.ctrip.framework.apollo.common.dto.AppNamespaceDTO)
2018-10-31 15:10:03.863  INFO 283 --- [           main] s.w.s.m.m.a.RequestMappingHandlerMapping : Mapped "{[/releases/histories/by_previous_release_id_and_operation],methods=[GET]}" onto public com.ctrip.framework.apollo.common.dto.PageDTO<com.ctrip.framework.apollo.common.dto.ReleaseHistoryDTO> com.ctrip.framework.apollo.adminservice.controller.ReleaseHistoryController.findReleaseHistoryByPreviousReleaseIdAndOperation(long,int,org.springframework.data.domain.Pageable)
2018-10-31 15:10:03.863  INFO 283 --- [           main] s.w.s.m.m.a.RequestMappingHandlerMapping : Mapped "{[/apps/{appId}/clusters/{clusterName}/namespaces/{namespaceName}/releases/histories],methods=[GET]}" onto public com.ctrip.framework.apollo.common.dto.PageDTO<com.ctrip.framework.apollo.common.dto.ReleaseHistoryDTO> com.ctrip.framework.apollo.adminservice.controller.ReleaseHistoryController.findReleaseHistoriesByNamespace(java.lang.String,java.lang.String,java.lang.String,org.springframework.data.domain.Pageable)
2018-10-31 15:10:03.864  INFO 283 --- [           main] s.w.s.m.m.a.RequestMappingHandlerMapping : Mapped "{[/releases/histories/by_release_id_and_operation],methods=[GET]}" onto public com.ctrip.framework.apollo.common.dto.PageDTO<com.ctrip.framework.apollo.common.dto.ReleaseHistoryDTO> com.ctrip.framework.apollo.adminservice.controller.ReleaseHistoryController.findReleaseHistoryByReleaseIdAndOperation(long,int,org.springframework.data.domain.Pageable)
2018-10-31 15:10:03.865  INFO 283 --- [           main] s.w.s.m.m.a.RequestMappingHandlerMapping : Mapped "{[/],methods=[GET]}" onto public java.lang.String com.ctrip.framework.apollo.adminservice.controller.IndexController.index()
2018-10-31 15:10:03.867  INFO 283 --- [           main] s.w.s.m.m.a.RequestMappingHandlerMapping : Mapped "{[/apps/{appId}/clusters/{clusterName}/namespaces/{namespaceName}/itemset],methods=[POST]}" onto public org.springframework.http.ResponseEntity<java.lang.Void> com.ctrip.framework.apollo.adminservice.controller.ItemSetController.create(java.lang.String,java.lang.String,java.lang.String,com.ctrip.framework.apollo.common.dto.ItemChangeSets)
2018-10-31 15:10:03.868  INFO 283 --- [           main] s.w.s.m.m.a.RequestMappingHandlerMapping : Mapped "{[/apps/{appId}/cluster/{clusterName}/unique],methods=[GET]}" onto public boolean com.ctrip.framework.apollo.adminservice.controller.ClusterController.isAppIdUnique(java.lang.String,java.lang.String)
2018-10-31 15:10:03.869  INFO 283 --- [           main] s.w.s.m.m.a.RequestMappingHandlerMapping : Mapped "{[/apps/{appId}/clusters/{clusterName:.+}],methods=[GET]}" onto public com.ctrip.framework.apollo.common.dto.ClusterDTO com.ctrip.framework.apollo.adminservice.controller.ClusterController.get(java.lang.String,java.lang.String)
2018-10-31 15:10:03.870  INFO 283 --- [           main] s.w.s.m.m.a.RequestMappingHandlerMapping : Mapped "{[/apps/{appId}/clusters],methods=[GET]}" onto public java.util.List<com.ctrip.framework.apollo.common.dto.ClusterDTO> com.ctrip.framework.apollo.adminservice.controller.ClusterController.find(java.lang.String)
2018-10-31 15:10:03.870  INFO 283 --- [           main] s.w.s.m.m.a.RequestMappingHandlerMapping : Mapped "{[/apps/{appId}/clusters/{clusterName:.+}],methods=[DELETE]}" onto public void com.ctrip.framework.apollo.adminservice.controller.ClusterController.delete(java.lang.String,java.lang.String,java.lang.String)
2018-10-31 15:10:03.870  INFO 283 --- [           main] s.w.s.m.m.a.RequestMappingHandlerMapping : Mapped "{[/apps/{appId}/clusters],methods=[POST]}" onto public com.ctrip.framework.apollo.common.dto.ClusterDTO com.ctrip.framework.apollo.adminservice.controller.ClusterController.create(java.lang.String,boolean,com.ctrip.framework.apollo.common.dto.ClusterDTO)
2018-10-31 15:10:03.872  INFO 283 --- [           main] s.w.s.m.m.a.RequestMappingHandlerMapping : Mapped "{[/apps/{appId}/clusters/{clusterName}/namespaces/{namespaceName}/items],methods=[GET]}" onto public java.util.List<com.ctrip.framework.apollo.common.dto.ItemDTO> com.ctrip.framework.apollo.adminservice.controller.ItemController.findItems(java.lang.String,java.lang.String,java.lang.String)
2018-10-31 15:10:03.873  INFO 283 --- [           main] s.w.s.m.m.a.RequestMappingHandlerMapping : Mapped "{[/items/{itemId}],methods=[GET]}" onto public com.ctrip.framework.apollo.common.dto.ItemDTO com.ctrip.framework.apollo.adminservice.controller.ItemController.get(long)
2018-10-31 15:10:03.873  INFO 283 --- [           main] s.w.s.m.m.a.RequestMappingHandlerMapping : Mapped "{[/apps/{appId}/clusters/{clusterName}/namespaces/{namespaceName}/items/{key:.+}],methods=[GET]}" onto public com.ctrip.framework.apollo.common.dto.ItemDTO com.ctrip.framework.apollo.adminservice.controller.ItemController.get(java.lang.String,java.lang.String,java.lang.String,java.lang.String)
2018-10-31 15:10:03.874  INFO 283 --- [           main] s.w.s.m.m.a.RequestMappingHandlerMapping : Mapped "{[/apps/{appId}/clusters/{clusterName}/namespaces/{namespaceName}/items/{itemId}],methods=[PUT]}" onto public com.ctrip.framework.apollo.common.dto.ItemDTO com.ctrip.framework.apollo.adminservice.controller.ItemController.update(java.lang.String,java.lang.String,java.lang.String,long,com.ctrip.framework.apollo.common.dto.ItemDTO)
2018-10-31 15:10:03.875  INFO 283 --- [           main] s.w.s.m.m.a.RequestMappingHandlerMapping : Mapped "{[/items/{itemId}],methods=[DELETE]}" onto public void com.ctrip.framework.apollo.adminservice.controller.ItemController.delete(long,java.lang.String)
2018-10-31 15:10:03.875  INFO 283 --- [           main] s.w.s.m.m.a.RequestMappingHandlerMapping : Mapped "{[/apps/{appId}/clusters/{clusterName}/namespaces/{namespaceName}/items],methods=[POST]}" onto public com.ctrip.framework.apollo.common.dto.ItemDTO com.ctrip.framework.apollo.adminservice.controller.ItemController.create(java.lang.String,java.lang.String,java.lang.String,com.ctrip.framework.apollo.common.dto.ItemDTO)
2018-10-31 15:10:03.876  INFO 283 --- [           main] s.w.s.m.m.a.RequestMappingHandlerMapping : Mapped "{[/apps/{appId}/clusters/{clusterName}/namespaces/{namespaceName}/lock],methods=[GET]}" onto public com.ctrip.framework.apollo.common.dto.NamespaceLockDTO com.ctrip.framework.apollo.adminservice.controller.NamespaceLockController.getNamespaceLockOwner(java.lang.String,java.lang.String,java.lang.String)
2018-10-31 15:10:03.885  INFO 283 --- [           main] s.w.s.m.m.a.RequestMappingHandlerMapping : Mapped "{[/error],produces=[text/html]}" onto public org.springframework.web.servlet.ModelAndView org.springframework.boot.autoconfigure.web.servlet.error.BasicErrorController.errorHtml(javax.servlet.http.HttpServletRequest,javax.servlet.http.HttpServletResponse)
2018-10-31 15:10:03.886  INFO 283 --- [           main] s.w.s.m.m.a.RequestMappingHandlerMapping : Mapped "{[/error]}" onto public org.springframework.http.ResponseEntity<java.util.Map<java.lang.String, java.lang.Object>> org.springframework.boot.autoconfigure.web.servlet.error.BasicErrorController.error(javax.servlet.http.HttpServletRequest)
2018-10-31 15:10:04.164  INFO 283 --- [           main] o.s.w.s.handler.SimpleUrlHandlerMapping  : Mapped URL path [/webjars/**] onto handler of type [class org.springframework.web.servlet.resource.ResourceHttpRequestHandler]
2018-10-31 15:10:04.164  INFO 283 --- [           main] o.s.w.s.handler.SimpleUrlHandlerMapping  : Mapped URL path [/**] onto handler of type [class org.springframework.web.servlet.resource.ResourceHttpRequestHandler]
2018-10-31 15:10:04.165  INFO 283 --- [           main] o.s.w.s.handler.SimpleUrlHandlerMapping  : Mapped URL path [/img/**] onto handler of type [class org.springframework.web.servlet.resource.ResourceHttpRequestHandler]
2018-10-31 15:10:04.165  INFO 283 --- [           main] o.s.w.s.handler.SimpleUrlHandlerMapping  : Mapped URL path [/vendor/**] onto handler of type [class org.springframework.web.servlet.resource.ResourceHttpRequestHandler]
2018-10-31 15:10:04.165  INFO 283 --- [           main] o.s.w.s.handler.SimpleUrlHandlerMapping  : Mapped URL path [/scripts/**] onto handler of type [class org.springframework.web.servlet.resource.ResourceHttpRequestHandler]
2018-10-31 15:10:04.165  INFO 283 --- [           main] o.s.w.s.handler.SimpleUrlHandlerMapping  : Mapped URL path [/styles/**] onto handler of type [class org.springframework.web.servlet.resource.ResourceHttpRequestHandler]
2018-10-31 15:10:04.165  INFO 283 --- [           main] o.s.w.s.handler.SimpleUrlHandlerMapping  : Mapped URL path [/views/**] onto handler of type [class org.springframework.web.servlet.resource.ResourceHttpRequestHandler]
2018-10-31 15:10:04.270  INFO 283 --- [           main] .m.m.a.ExceptionHandlerExceptionResolver : Detected @ExceptionHandler methods in globalDefaultExceptionHandler
2018-10-31 15:10:08.551  INFO 283 --- [           main] o.s.b.a.e.web.EndpointLinksResolver      : Exposing 2 endpoint(s) beneath base path ''
2018-10-31 15:10:08.653  INFO 283 --- [           main] s.b.a.e.w.s.WebMvcEndpointHandlerMapping : Mapped "{[/health],methods=[GET],produces=[application/vnd.spring-boot.actuator.v2+json || application/json]}" onto public java.lang.Object org.springframework.boot.actuate.endpoint.web.servlet.AbstractWebMvcEndpointHandlerMapping$OperationHandler.handle(javax.servlet.http.HttpServletRequest,java.util.Map<java.lang.String, java.lang.String>)
2018-10-31 15:10:08.663  INFO 283 --- [           main] s.b.a.e.w.s.WebMvcEndpointHandlerMapping : Mapped "{[/info],methods=[GET],produces=[application/vnd.spring-boot.actuator.v2+json || application/json]}" onto public java.lang.Object org.springframework.boot.actuate.endpoint.web.servlet.AbstractWebMvcEndpointHandlerMapping$OperationHandler.handle(javax.servlet.http.HttpServletRequest,java.util.Map<java.lang.String, java.lang.String>)
2018-10-31 15:10:10.846  INFO 283 --- [           main] o.s.j.e.a.AnnotationMBeanExporter        : Registering beans for JMX exposure on startup
2018-10-31 15:10:10.868  INFO 283 --- [           main] o.s.j.e.a.AnnotationMBeanExporter        : Bean with name 'dataSource' has been autodetected for JMX exposure
2018-10-31 15:10:10.901  INFO 283 --- [           main] o.s.j.e.a.AnnotationMBeanExporter        : Bean with name 'environmentManager' has been autodetected for JMX exposure
2018-10-31 15:10:10.903  INFO 283 --- [           main] o.s.j.e.a.AnnotationMBeanExporter        : Bean with name 'refreshScope' has been autodetected for JMX exposure
2018-10-31 15:10:10.911  INFO 283 --- [           main] o.s.j.e.a.AnnotationMBeanExporter        : Bean with name 'configurationPropertiesRebinder' has been autodetected for JMX exposure
2018-10-31 15:10:10.920  INFO 283 --- [           main] o.s.j.e.a.AnnotationMBeanExporter        : Located managed bean 'environmentManager': registering with JMX server as MBean [apollo-adminservice:name=environmentManager,type=EnvironmentManager]
2018-10-31 15:10:10.980  INFO 283 --- [           main] o.s.j.e.a.AnnotationMBeanExporter        : Located managed bean 'refreshScope': registering with JMX server as MBean [apollo-adminservice:name=refreshScope,type=RefreshScope]
2018-10-31 15:10:11.116  INFO 283 --- [           main] o.s.j.e.a.AnnotationMBeanExporter        : Located managed bean 'configurationPropertiesRebinder': registering with JMX server as MBean [apollo-adminservice:name=configurationPropertiesRebinder,context=482b5eaa,type=ConfigurationPropertiesRebinder]
2018-10-31 15:10:11.133  INFO 283 --- [           main] o.s.j.e.a.AnnotationMBeanExporter        : Located MBean 'dataSource': registering with JMX server as MBean [apollo-adminservice:name=dataSource,type=HikariDataSource]
2018-10-31 15:10:11.160  INFO 283 --- [           main] o.s.c.support.DefaultLifecycleProcessor  : Starting beans in phase 0
2018-10-31 15:10:11.244  INFO 283 --- [           main] o.s.c.n.eureka.InstanceInfoFactory       : Setting initial instance status as: STARTING
2018-10-31 15:10:11.368  INFO 283 --- [           main] com.netflix.discovery.DiscoveryClient    : Initializing Eureka in region us-east-1
2018-10-31 15:10:11.623  INFO 283 --- [           main] c.n.d.provider.DiscoveryJerseyProvider   : Using JSON encoding codec LegacyJacksonJson
2018-10-31 15:10:11.623  INFO 283 --- [           main] c.n.d.provider.DiscoveryJerseyProvider   : Using JSON decoding codec LegacyJacksonJson
2018-10-31 15:10:12.264  INFO 283 --- [           main] c.n.d.provider.DiscoveryJerseyProvider   : Using XML encoding codec XStreamXml
2018-10-31 15:10:12.265  INFO 283 --- [           main] c.n.d.provider.DiscoveryJerseyProvider   : Using XML decoding codec XStreamXml
2018-10-31 15:10:12.861  INFO 283 --- [           main] c.n.d.s.r.aws.ConfigClusterResolver      : Resolving eureka endpoints via configuration
2018-10-31 15:10:12.927  INFO 283 --- [           main] com.netflix.discovery.DiscoveryClient    : Disable delta property : false
2018-10-31 15:10:12.927  INFO 283 --- [           main] com.netflix.discovery.DiscoveryClient    : Single vip registry refresh property : null
2018-10-31 15:10:12.927  INFO 283 --- [           main] com.netflix.discovery.DiscoveryClient    : Force full registry fetch : false
2018-10-31 15:10:12.927  INFO 283 --- [           main] com.netflix.discovery.DiscoveryClient    : Application is null : false
2018-10-31 15:10:12.927  INFO 283 --- [           main] com.netflix.discovery.DiscoveryClient    : Registered Applications size is zero : true
2018-10-31 15:10:12.928  INFO 283 --- [           main] com.netflix.discovery.DiscoveryClient    : Application version is -1: true
2018-10-31 15:10:12.928  INFO 283 --- [           main] com.netflix.discovery.DiscoveryClient    : Getting all instance registry info from the eureka server
2018-10-31 15:10:13.654  INFO 283 --- [           main] com.netflix.discovery.DiscoveryClient    : The response status is 200
2018-10-31 15:10:13.663  INFO 283 --- [           main] com.netflix.discovery.DiscoveryClient    : Starting heartbeat executor: renew interval is: 30
2018-10-31 15:10:13.672  INFO 283 --- [           main] c.n.discovery.InstanceInfoReplicator     : InstanceInfoReplicator onDemand update allowed rate per min is 4
2018-10-31 15:10:13.680  INFO 283 --- [           main] com.netflix.discovery.DiscoveryClient    : Discovery Client initialized at timestamp 1540969813678 with initial instances count: 1
2018-10-31 15:10:13.746  INFO 283 --- [           main] o.s.c.n.e.s.EurekaServiceRegistry        : Registering application apollo-adminservice with eureka with status UP
2018-10-31 15:10:13.751  INFO 283 --- [           main] com.netflix.discovery.DiscoveryClient    : Saw local status change event StatusChangeEvent [timestamp=1540969813750, current=UP, previous=STARTING]
2018-10-31 15:10:13.754  INFO 283 --- [nfoReplicator-0] com.netflix.discovery.DiscoveryClient    : DiscoveryClient_APOLLO-ADMINSERVICE/192.168.79.134:apollo-adminservice:8090: registering service...
2018-10-31 15:10:14.003  INFO 283 --- [nfoReplicator-0] com.netflix.discovery.DiscoveryClient    : DiscoveryClient_APOLLO-ADMINSERVICE/192.168.79.134:apollo-adminservice:8090 - registration status: 204
2018-10-31 15:10:14.107  INFO 283 --- [           main] o.s.b.w.embedded.tomcat.TomcatWebServer  : Tomcat started on port(s): 8090 (http) with context path ''
2018-10-31 15:10:14.109  INFO 283 --- [           main] .s.c.n.e.s.EurekaAutoServiceRegistration : Updating port to 8090
2018-10-31 15:10:14.164  INFO 283 --- [           main] c.c.f.a.a.AdminServiceApplication        : Started AdminServiceApplication in 48.717 seconds (JVM running for 50.324)
2018-10-31 15:10:14.471  INFO 283 --- [nio-8090-exec-1] o.a.c.c.C.[Tomcat].[localhost].[/]       : Initializing Spring FrameworkServlet 'dispatcherServlet'
2018-10-31 15:10:14.471  INFO 283 --- [nio-8090-exec-1] o.s.web.servlet.DispatcherServlet        : FrameworkServlet 'dispatcherServlet': initialization started
2018-10-31 15:10:14.670  INFO 283 --- [nio-8090-exec-1] o.s.web.servlet.DispatcherServlet        : FrameworkServlet 'dispatcherServlet': initialization completed in 199 ms
2018-10-31 15:11:12.931  INFO 283 --- [trap-executor-0] c.n.d.s.r.aws.ConfigClusterResolver      : Resolving eureka endpoints via configuration
2018-10-31 15:12:13.034  INFO 283 --- [trap-executor-0] c.n.d.s.r.aws.ConfigClusterResolver      : Resolving eureka endpoints via configuration
2018-10-31 15:13:13.036  INFO 283 --- [trap-executor-0] c.n.d.s.r.aws.ConfigClusterResolver      : Resolving eureka endpoints via configuration
2018-10-31 15:14:13.037  INFO 283 --- [trap-executor-0] c.n.d.s.r.aws.ConfigClusterResolver      : Resolving eureka endpoints via configuration
2018-10-31 15:15:13.039  INFO 283 --- [trap-executor-0] c.n.d.s.r.aws.ConfigClusterResolver      : Resolving eureka endpoints via configuration
2018-10-31 15:16:13.041  INFO 283 --- [trap-executor-0] c.n.d.s.r.aws.ConfigClusterResolver      : Resolving eureka endpoints via configuration
2018-10-31 15:17:13.045  INFO 283 --- [trap-executor-0] c.n.d.s.r.aws.ConfigClusterResolver      : Resolving eureka endpoints via configuration
2018-10-31 15:18:13.046  INFO 283 --- [trap-executor-0] c.n.d.s.r.aws.ConfigClusterResolver      : Resolving eureka endpoints via configuration
2018-10-31 15:19:13.048  INFO 283 --- [trap-executor-0] c.n.d.s.r.aws.ConfigClusterResolver      : Resolving eureka endpoints via configuration
2018-10-31 15:20:13.049  INFO 283 --- [trap-executor-0] c.n.d.s.r.aws.ConfigClusterResolver      : Resolving eureka endpoints via configuration
2018-10-31 15:21:13.051  INFO 283 --- [trap-executor-0] c.n.d.s.r.aws.ConfigClusterResolver      : Resolving eureka endpoints via configuration
2018-10-31 15:22:13.054  INFO 283 --- [trap-executor-0] c.n.d.s.r.aws.ConfigClusterResolver      : Resolving eureka endpoints via configuration
Please use CMSClassUnloadingEnabled in place of CMSPermGenSweepingEnabled in the future
OpenJDK 64-Bit Server VM warning: ignoring option CMSInitiatingPermOccupancyFraction=70; support was removed in 8.0
OpenJDK 64-Bit Server VM warning: UseCMSCompactAtFullCollection is deprecated and will likely be removed in a future release.
OpenJDK 64-Bit Server VM warning: CMSFullGCsBeforeCompaction is deprecated and will likely be removed in a future release.
2018-10-31 15:24:06.048  INFO 264 --- [           main] s.c.a.AnnotationConfigApplicationContext : Refreshing org.springframework.context.annotation.AnnotationConfigApplicationContext@408e487f: startup date [Wed Oct 31 15:24:06 CST 2018]; root of context hierarchy
2018-10-31 15:24:06.786  INFO 264 --- [           main] f.a.AutowiredAnnotationBeanPostProcessor : JSR-330 'javax.inject.Inject' annotation found and supported for autowiring
2018-10-31 15:24:06.943  INFO 264 --- [           main] trationDelegate$BeanPostProcessorChecker : Bean 'configurationPropertiesRebinderAutoConfiguration' of type [org.springframework.cloud.autoconfigure.ConfigurationPropertiesRebinderAutoConfiguration$$EnhancerBySpringCGLIB$$c2508ab6] is not eligible for getting processed by all BeanPostProcessors (for example: not eligible for auto-proxying)
     _                _ _
    / \   _ __   ___ | | | ___
   / _ \ | '_ \ / _ \| | |/ _ \
  / ___ \| |_) | (_) | | | (_) |
 /_/   \_\ .__/ \___/|_|_|\___/
         |_|

:: Spring Boot ::  (v2.0.5.RELEASE)

2018-10-31 15:24:08.506  INFO 264 --- [           main] c.c.f.a.a.AdminServiceApplication        : The following profiles are active: github
2018-10-31 15:24:08.543  INFO 264 --- [           main] ConfigServletWebServerApplicationContext : Refreshing org.springframework.boot.web.servlet.context.AnnotationConfigServletWebServerApplicationContext@72325433: startup date [Wed Oct 31 15:24:08 CST 2018]; parent: org.springframework.context.annotation.AnnotationConfigApplicationContext@408e487f
2018-10-31 15:24:13.086  INFO 264 --- [           main] o.s.b.f.s.DefaultListableBeanFactory     : Overriding bean definition for bean 'dataSource' with a different definition: replacing [Root bean: class [null]; scope=refresh; abstract=false; lazyInit=false; autowireMode=3; dependencyCheck=0; autowireCandidate=false; primary=false; factoryBeanName=org.springframework.boot.autoconfigure.jdbc.DataSourceConfiguration$Hikari; factoryMethodName=dataSource; initMethodName=null; destroyMethodName=(inferred); defined in class path resource [org/springframework/boot/autoconfigure/jdbc/DataSourceConfiguration$Hikari.class]] with [Root bean: class [org.springframework.aop.scope.ScopedProxyFactoryBean]; scope=; abstract=false; lazyInit=false; autowireMode=0; dependencyCheck=0; autowireCandidate=true; primary=false; factoryBeanName=null; factoryMethodName=null; initMethodName=null; destroyMethodName=null; defined in BeanDefinition defined in class path resource [org/springframework/boot/autoconfigure/jdbc/DataSourceConfiguration$Hikari.class]]
2018-10-31 15:24:13.747  INFO 264 --- [           main] o.s.cloud.context.scope.GenericScope     : BeanFactory id=1d8c18f2-e50a-3455-8838-67077e6df784
2018-10-31 15:24:13.948  INFO 264 --- [           main] f.a.AutowiredAnnotationBeanPostProcessor : JSR-330 'javax.inject.Inject' annotation found and supported for autowiring
2018-10-31 15:24:14.630  INFO 264 --- [           main] trationDelegate$BeanPostProcessorChecker : Bean 'org.springframework.transaction.annotation.ProxyTransactionManagementConfiguration' of type [org.springframework.transaction.annotation.ProxyTransactionManagementConfiguration$$EnhancerBySpringCGLIB$$a63687b9] is not eligible for getting processed by all BeanPostProcessors (for example: not eligible for auto-proxying)
2018-10-31 15:24:15.245  INFO 264 --- [           main] trationDelegate$BeanPostProcessorChecker : Bean 'org.springframework.security.config.annotation.configuration.ObjectPostProcessorConfiguration' of type [org.springframework.security.config.annotation.configuration.ObjectPostProcessorConfiguration$$EnhancerBySpringCGLIB$$3ee44ff3] is not eligible for getting processed by all BeanPostProcessors (for example: not eligible for auto-proxying)
2018-10-31 15:24:15.286  INFO 264 --- [           main] trationDelegate$BeanPostProcessorChecker : Bean 'objectPostProcessor' of type [org.springframework.security.config.annotation.configuration.AutowireBeanFactoryObjectPostProcessor] is not eligible for getting processed by all BeanPostProcessors (for example: not eligible for auto-proxying)
2018-10-31 15:24:15.292  INFO 264 --- [           main] trationDelegate$BeanPostProcessorChecker : Bean 'org.springframework.security.access.expression.method.DefaultMethodSecurityExpressionHandler@36c410df' of type [org.springframework.security.access.expression.method.DefaultMethodSecurityExpressionHandler] is not eligible for getting processed by all BeanPostProcessors (for example: not eligible for auto-proxying)
2018-10-31 15:24:15.337  INFO 264 --- [           main] trationDelegate$BeanPostProcessorChecker : Bean 'org.springframework.security.config.annotation.method.configuration.GlobalMethodSecurityConfiguration' of type [org.springframework.security.config.annotation.method.configuration.GlobalMethodSecurityConfiguration$$EnhancerBySpringCGLIB$$63b8f2a5] is not eligible for getting processed by all BeanPostProcessors (for example: not eligible for auto-proxying)
2018-10-31 15:24:15.393  INFO 264 --- [           main] trationDelegate$BeanPostProcessorChecker : Bean 'methodSecurityMetadataSource' of type [org.springframework.security.access.method.DelegatingMethodSecurityMetadataSource] is not eligible for getting processed by all BeanPostProcessors (for example: not eligible for auto-proxying)
2018-10-31 15:24:15.585  INFO 264 --- [           main] trationDelegate$BeanPostProcessorChecker : Bean 'org.springframework.cloud.autoconfigure.ConfigurationPropertiesRebinderAutoConfiguration' of type [org.springframework.cloud.autoconfigure.ConfigurationPropertiesRebinderAutoConfiguration$$EnhancerBySpringCGLIB$$c2508ab6] is not eligible for getting processed by all BeanPostProcessors (for example: not eligible for auto-proxying)
2018-10-31 15:24:17.452  INFO 264 --- [           main] o.s.b.w.embedded.tomcat.TomcatWebServer  : Tomcat initialized with port(s): 8090 (http)
2018-10-31 15:24:17.539  INFO 264 --- [           main] o.apache.catalina.core.StandardService   : Starting service [Tomcat]
2018-10-31 15:24:17.539  INFO 264 --- [           main] org.apache.catalina.core.StandardEngine  : Starting Servlet Engine: Apache Tomcat/8.5.34
2018-10-31 15:24:17.602  INFO 264 --- [ost-startStop-1] o.a.catalina.core.AprLifecycleListener   : The APR based Apache Tomcat Native library which allows optimal performance in production environments was not found on the java.library.path: [/usr/lib/jvm/java-1.8-openjdk/jre/lib/amd64/server:/usr/lib/jvm/java-1.8-openjdk/jre/lib/amd64:/usr/lib/jvm/java-1.8-openjdk/jre/../lib/amd64:/usr/java/packages/lib/amd64:/usr/lib64:/lib64:/lib:/usr/lib]
2018-10-31 15:24:18.002  INFO 264 --- [ost-startStop-1] o.a.c.c.C.[Tomcat].[localhost].[/]       : Initializing Spring embedded WebApplicationContext
2018-10-31 15:24:18.002  INFO 264 --- [ost-startStop-1] o.s.web.context.ContextLoader            : Root WebApplicationContext: initialization completed in 9459 ms
2018-10-31 15:24:19.242  WARN 264 --- [ost-startStop-1] c.n.c.sources.URLConfigurationSource     : No URLs will be polled as dynamic configuration sources.
2018-10-31 15:24:19.244  INFO 264 --- [ost-startStop-1] c.n.c.sources.URLConfigurationSource     : To enable URLs as dynamic configuration sources, define System property archaius.configurationSource.additionalUrls or make config.properties available on classpath.
2018-10-31 15:24:19.299  INFO 264 --- [ost-startStop-1] c.netflix.config.DynamicPropertyFactory  : DynamicPropertyFactory is initialized with configuration sources: com.netflix.config.ConcurrentCompositeConfiguration@7f388f70
2018-10-31 15:24:21.407  INFO 264 --- [ost-startStop-1] com.zaxxer.hikari.HikariDataSource       : HikariPool-1 - Starting...
Wed Oct 31 15:24:21 CST 2018 WARN: Establishing SSL connection without server's identity verification is not recommended. According to MySQL 5.5.45+, 5.6.26+ and 5.7.6+ requirements SSL connection must be established by default if explicit option isn't set. For compliance with existing applications not using SSL the verifyServerCertificate property is set to 'false'. You need either to explicitly disable SSL by setting useSSL=false, or set useSSL=true and provide truststore for server certificate verification.
2018-10-31 15:24:22.428  INFO 264 --- [ost-startStop-1] com.zaxxer.hikari.HikariDataSource       : HikariPool-1 - Start completed.
Wed Oct 31 15:24:22 CST 2018 WARN: Establishing SSL connection without server's identity verification is not recommended. According to MySQL 5.5.45+, 5.6.26+ and 5.7.6+ requirements SSL connection must be established by default if explicit option isn't set. For compliance with existing applications not using SSL the verifyServerCertificate property is set to 'false'. You need either to explicitly disable SSL by setting useSSL=false, or set useSSL=true and provide truststore for server certificate verification.
Wed Oct 31 15:24:22 CST 2018 WARN: Establishing SSL connection without server's identity verification is not recommended. According to MySQL 5.5.45+, 5.6.26+ and 5.7.6+ requirements SSL connection must be established by default if explicit option isn't set. For compliance with existing applications not using SSL the verifyServerCertificate property is set to 'false'. You need either to explicitly disable SSL by setting useSSL=false, or set useSSL=true and provide truststore for server certificate verification.
2018-10-31 15:24:22.910  INFO 264 --- [ost-startStop-1] j.LocalContainerEntityManagerFactoryBean : Building JPA container EntityManagerFactory for persistence unit 'default'
2018-10-31 15:24:23.000  INFO 264 --- [ost-startStop-1] o.hibernate.jpa.internal.util.LogHelper  : HHH000204: Processing PersistenceUnitInfo [
	name: default
	...]
Wed Oct 31 15:24:23 CST 2018 WARN: Establishing SSL connection without server's identity verification is not recommended. According to MySQL 5.5.45+, 5.6.26+ and 5.7.6+ requirements SSL connection must be established by default if explicit option isn't set. For compliance with existing applications not using SSL the verifyServerCertificate property is set to 'false'. You need either to explicitly disable SSL by setting useSSL=false, or set useSSL=true and provide truststore for server certificate verification.
Wed Oct 31 15:24:23 CST 2018 WARN: Establishing SSL connection without server's identity verification is not recommended. According to MySQL 5.5.45+, 5.6.26+ and 5.7.6+ requirements SSL connection must be established by default if explicit option isn't set. For compliance with existing applications not using SSL the verifyServerCertificate property is set to 'false'. You need either to explicitly disable SSL by setting useSSL=false, or set useSSL=true and provide truststore for server certificate verification.
Wed Oct 31 15:24:23 CST 2018 WARN: Establishing SSL connection without server's identity verification is not recommended. According to MySQL 5.5.45+, 5.6.26+ and 5.7.6+ requirements SSL connection must be established by default if explicit option isn't set. For compliance with existing applications not using SSL the verifyServerCertificate property is set to 'false'. You need either to explicitly disable SSL by setting useSSL=false, or set useSSL=true and provide truststore for server certificate verification.
2018-10-31 15:24:23.312  INFO 264 --- [ost-startStop-1] org.hibernate.Version                    : HHH000412: Hibernate Core {5.2.17.Final}
2018-10-31 15:24:23.324  INFO 264 --- [ost-startStop-1] org.hibernate.cfg.Environment            : HHH000206: hibernate.properties not found
Wed Oct 31 15:24:23 CST 2018 WARN: Establishing SSL connection without server's identity verification is not recommended. According to MySQL 5.5.45+, 5.6.26+ and 5.7.6+ requirements SSL connection must be established by default if explicit option isn't set. For compliance with existing applications not using SSL the verifyServerCertificate property is set to 'false'. You need either to explicitly disable SSL by setting useSSL=false, or set useSSL=true and provide truststore for server certificate verification.
2018-10-31 15:24:23.506  INFO 264 --- [ost-startStop-1] o.hibernate.annotations.common.Version   : HCANN000001: Hibernate Commons Annotations {5.0.1.Final}
Wed Oct 31 15:24:23 CST 2018 WARN: Establishing SSL connection without server's identity verification is not recommended. According to MySQL 5.5.45+, 5.6.26+ and 5.7.6+ requirements SSL connection must be established by default if explicit option isn't set. For compliance with existing applications not using SSL the verifyServerCertificate property is set to 'false'. You need either to explicitly disable SSL by setting useSSL=false, or set useSSL=true and provide truststore for server certificate verification.
Wed Oct 31 15:24:23 CST 2018 WARN: Establishing SSL connection without server's identity verification is not recommended. According to MySQL 5.5.45+, 5.6.26+ and 5.7.6+ requirements SSL connection must be established by default if explicit option isn't set. For compliance with existing applications not using SSL the verifyServerCertificate property is set to 'false'. You need either to explicitly disable SSL by setting useSSL=false, or set useSSL=true and provide truststore for server certificate verification.
Wed Oct 31 15:24:23 CST 2018 WARN: Establishing SSL connection without server's identity verification is not recommended. According to MySQL 5.5.45+, 5.6.26+ and 5.7.6+ requirements SSL connection must be established by default if explicit option isn't set. For compliance with existing applications not using SSL the verifyServerCertificate property is set to 'false'. You need either to explicitly disable SSL by setting useSSL=false, or set useSSL=true and provide truststore for server certificate verification.
2018-10-31 15:24:24.221  INFO 264 --- [ost-startStop-1] org.hibernate.dialect.Dialect            : HHH000400: Using dialect: org.hibernate.dialect.MySQL5Dialect
2018-10-31 15:24:26.104  INFO 264 --- [ost-startStop-1] j.LocalContainerEntityManagerFactoryBean : Initialized JPA EntityManagerFactory for persistence unit 'default'
2018-10-31 15:24:27.038  INFO 264 --- [ost-startStop-1] o.h.h.i.QueryTranslatorFactoryInitiator  : HHH000397: Using ASTQueryTranslatorFactory
2018-10-31 15:24:29.300  INFO 264 --- [ost-startStop-1] c.c.f.f.i.p.DefaultApplicationProvider   : App ID is set to 100003172 by app.id property from /META-INF/app.properties
2018-10-31 15:24:29.303  INFO 264 --- [ost-startStop-1] c.c.f.f.i.p.DefaultServerProvider        : Environment is set to null. Because it is not available in either (1) JVM system property 'env', (2) OS env variable 'ENV' nor (3) property 'env' from the properties InputStream.
2018-10-31 15:24:29.304  INFO 264 --- [ost-startStop-1] c.c.f.a.biz.service.BizDBPropertySource  : Load config from DB : item.value.length.limit = 20000
2018-10-31 15:24:29.304  INFO 264 --- [ost-startStop-1] c.c.f.a.biz.service.BizDBPropertySource  : Load config from DB : item.key.length.limit = 128
2018-10-31 15:24:29.304  INFO 264 --- [ost-startStop-1] c.c.f.a.biz.service.BizDBPropertySource  : Load config from DB : eureka.service.url = http://localhost:8080/eureka/
2018-10-31 15:24:29.304  INFO 264 --- [ost-startStop-1] c.c.f.a.biz.service.BizDBPropertySource  : Load config from DB : namespace.lock.switch = false
2018-10-31 15:24:29.305  INFO 264 --- [ost-startStop-1] c.c.f.a.biz.service.BizDBPropertySource  : Load config from DB : config-service.cache.enabled = false
2018-10-31 15:24:31.397  INFO 264 --- [ost-startStop-1] o.s.b.w.servlet.FilterRegistrationBean   : Mapping filter: 'characterEncodingFilter' to: [/*]
2018-10-31 15:24:31.398  INFO 264 --- [ost-startStop-1] o.s.b.w.servlet.FilterRegistrationBean   : Mapping filter: 'webMvcMetricsFilter' to: [/*]
2018-10-31 15:24:31.399  INFO 264 --- [ost-startStop-1] o.s.b.w.servlet.FilterRegistrationBean   : Mapping filter: 'hiddenHttpMethodFilter' to: [/*]
2018-10-31 15:24:31.399  INFO 264 --- [ost-startStop-1] o.s.b.w.servlet.FilterRegistrationBean   : Mapping filter: 'httpPutFormContentFilter' to: [/*]
2018-10-31 15:24:31.399  INFO 264 --- [ost-startStop-1] o.s.b.w.servlet.FilterRegistrationBean   : Mapping filter: 'requestContextFilter' to: [/*]
2018-10-31 15:24:31.400  INFO 264 --- [ost-startStop-1] .s.DelegatingFilterProxyRegistrationBean : Mapping filter: 'springSecurityFilterChain' to: [/*]
2018-10-31 15:24:31.400  INFO 264 --- [ost-startStop-1] o.s.b.w.servlet.FilterRegistrationBean   : Mapping filter: 'httpTraceFilter' to: [/*]
2018-10-31 15:24:31.400  INFO 264 --- [ost-startStop-1] o.s.b.w.servlet.FilterRegistrationBean   : Mapping filter: 'encodingFilter' to urls: [/*]
2018-10-31 15:24:31.400  INFO 264 --- [ost-startStop-1] o.s.b.w.servlet.ServletRegistrationBean  : Servlet dispatcherServlet mapped to [/]
2018-10-31 15:24:35.374  INFO 264 --- [           main] o.s.s.web.DefaultSecurityFilterChain     : Creating filter chain: org.springframework.security.web.util.matcher.AnyRequestMatcher@1, [org.springframework.security.web.context.request.async.WebAsyncManagerIntegrationFilter@6103b976, org.springframework.security.web.context.SecurityContextPersistenceFilter@27f08ee1, org.springframework.security.web.header.HeaderWriterFilter@5276123e, org.springframework.security.web.authentication.logout.LogoutFilter@ec2315d, org.springframework.security.web.authentication.www.BasicAuthenticationFilter@210ef0, org.springframework.security.web.savedrequest.RequestCacheAwareFilter@2cadd4ff, org.springframework.security.web.servletapi.SecurityContextHolderAwareRequestFilter@15b61201, org.springframework.security.web.authentication.AnonymousAuthenticationFilter@1ba8ad7c, org.springframework.security.web.session.SessionManagementFilter@474bb980, org.springframework.security.web.access.ExceptionTranslationFilter@677cdf1c]
2018-10-31 15:24:35.700  WARN 264 --- [           main] c.n.c.sources.URLConfigurationSource     : No URLs will be polled as dynamic configuration sources.
2018-10-31 15:24:35.701  INFO 264 --- [           main] c.n.c.sources.URLConfigurationSource     : To enable URLs as dynamic configuration sources, define System property archaius.configurationSource.additionalUrls or make config.properties available on classpath.
2018-10-31 15:24:36.362  INFO 264 --- [           main] o.s.w.s.handler.SimpleUrlHandlerMapping  : Mapped URL path [/**/favicon.ico] onto handler of type [class org.springframework.web.servlet.resource.ResourceHttpRequestHandler]
